<?xml version="1.0" encoding="UTF-8"?>
<!-- Generated by org.testng.reporters.JUnitReportReporter -->
<testsuite skipped="0" hostname="emb-ban-168" name="com.qa.testcases.TestSearch$TestAccount" tests="1" failures="0" timestamp="28 Aug 2018 12:46:22 GMT" time="10.271" errors="0">
  <testcase name="search" time="10.271" classname="com.qa.testcases.TestSearch$TestAccount"/>
</testsuite> <!-- com.qa.testcases.TestSearch$TestAccount -->
