<?xml version="1.0" encoding="UTF-8"?>
<!-- Generated by org.testng.reporters.JUnitReportReporter -->
<testsuite skipped="0" hostname="emb-ban-168" name="com.qa.testcases.TestAccount" tests="4" failures="0" timestamp="30 Jul 2018 10:34:47 GMT" time="30.455" errors="0">
  <testcase name="MyAccountInfo" time="15.054" classname="com.qa.testcases.TestAccount"/>
  <testcase name="MyAccountChangePassword" time="0.682" classname="com.qa.testcases.TestAccount"/>
  <testcase name="MyAccountOrderPage" time="1.591" classname="com.qa.testcases.TestAccount"/>
  <testcase name="MyAccountSaveAddressPage" time="13.128" classname="com.qa.testcases.TestAccount"/>
</testsuite> <!-- com.qa.testcases.TestAccount -->
