<?xml version="1.0" encoding="UTF-8"?>
<!-- Generated by org.testng.reporters.JUnitReportReporter -->
<testsuite skipped="0" hostname="emb-ban-168" name="com.qa.testcases.TestSearch$TestAccount" tests="1" failures="0" timestamp="30 Jul 2018 13:09:49 GMT" time="9.785" errors="0">
  <testcase name="search" time="9.785" classname="com.qa.testcases.TestSearch$TestAccount"/>
</testsuite> <!-- com.qa.testcases.TestSearch$TestAccount -->
