<?xml version="1.0" encoding="UTF-8"?>
<!-- Generated by org.testng.reporters.JUnitReportReporter -->
<testsuite skipped="0" hostname="emb-ban-168" name="com.qa.testcases.TestForgotPassword" tests="2" failures="0" timestamp="30 Jul 2018 10:34:47 GMT" time="46.218" errors="0">
  <testcase name="coverStoryForgotPassword" time="17.236" classname="com.qa.testcases.TestForgotPassword"/>
  <testcase name="coverStoryCheckoutForgotPassword" time="28.982" classname="com.qa.testcases.TestForgotPassword"/>
</testsuite> <!-- com.qa.testcases.TestForgotPassword -->
