<?xml version="1.0" encoding="UTF-8"?>
<!-- Generated by org.testng.reporters.JUnitReportReporter -->
<testsuite skipped="0" hostname="emb-ban-168" name="com.qa.testcases.TestAddWishlist" tests="3" failures="0" timestamp="30 Jul 2018 10:34:47 GMT" time="76.785" errors="0">
  <testcase name="AddToWishlistQuickviewLogin" time="41.954" classname="com.qa.testcases.TestAddWishlist"/>
  <testcase name="AddToWishlistPLP" time="17.023" classname="com.qa.testcases.TestAddWishlist"/>
  <testcase name="AddToWishlistPDP" time="17.808" classname="com.qa.testcases.TestAddWishlist"/>
</testsuite> <!-- com.qa.testcases.TestAddWishlist -->
