<?xml version="1.0" encoding="UTF-8"?>
<!-- Generated by org.testng.reporters.JUnitReportReporter -->
<testsuite skipped="0" hostname="emb-ban-168" name="com.qa.testcases.TestAddCart" tests="1" failures="0" timestamp="31 Jul 2018 09:59:16 GMT" time="24.742" errors="0">
  <testcase name="RemoveFromMinicart" time="24.742" classname="com.qa.testcases.TestAddCart"/>
</testsuite> <!-- com.qa.testcases.TestAddCart -->
